<!DOCTYPE html>
<html>
  <head>
    <meta charset="utf-8"/>
    <title>Test Report</title>
    <link href="assets/style.css" rel="stylesheet" type="text/css"/></head>
  <body onLoad="init()">
    <script>/* This Source Code Form is subject to the terms of the Mozilla Public
 * License, v. 2.0. If a copy of the MPL was not distributed with this file,
 * You can obtain one at http://mozilla.org/MPL/2.0/. */


function toArray(iter) {
    if (iter === null) {
        return null;
    }
    return Array.prototype.slice.call(iter);
}

function find(selector, elem) {
    if (!elem) {
        elem = document;
    }
    return elem.querySelector(selector);
}

function find_all(selector, elem) {
    if (!elem) {
        elem = document;
    }
    return toArray(elem.querySelectorAll(selector));
}

function sort_column(elem) {
    toggle_sort_states(elem);
    var colIndex = toArray(elem.parentNode.childNodes).indexOf(elem);
    var key;
    if (elem.classList.contains('numeric')) {
        key = key_num;
    } else if (elem.classList.contains('result')) {
        key = key_result;
    } else {
        key = key_alpha;
    }
    sort_table(elem, key(colIndex));
}

function show_all_extras() {
    find_all('.col-result').forEach(show_extras);
}

function hide_all_extras() {
    find_all('.col-result').forEach(hide_extras);
}

function show_extras(colresult_elem) {
    var extras = colresult_elem.parentNode.nextElementSibling;
    var expandcollapse = colresult_elem.firstElementChild;
    extras.classList.remove("collapsed");
    expandcollapse.classList.remove("expander");
    expandcollapse.classList.add("collapser");
}

function hide_extras(colresult_elem) {
    var extras = colresult_elem.parentNode.nextElementSibling;
    var expandcollapse = colresult_elem.firstElementChild;
    extras.classList.add("collapsed");
    expandcollapse.classList.remove("collapser");
    expandcollapse.classList.add("expander");
}

function show_filters() {
    var filter_items = document.getElementsByClassName('filter');
    for (var i = 0; i < filter_items.length; i++)
        filter_items[i].hidden = false;
}

function add_collapse() {
    // Add links for show/hide all
    var resulttable = find('table#results-table');
    var showhideall = document.createElement("p");
    showhideall.innerHTML = '<a href="javascript:show_all_extras()">Show all details</a> / ' +
                            '<a href="javascript:hide_all_extras()">Hide all details</a>';
    resulttable.parentElement.insertBefore(showhideall, resulttable);

    // Add show/hide link to each result
    find_all('.col-result').forEach(function(elem) {
        var collapsed = get_query_parameter('collapsed') || 'Passed';
        var extras = elem.parentNode.nextElementSibling;
        var expandcollapse = document.createElement("span");
        if (collapsed.includes(elem.innerHTML)) {
            extras.classList.add("collapsed");
            expandcollapse.classList.add("expander");
        } else {
            expandcollapse.classList.add("collapser");
        }
        elem.appendChild(expandcollapse);

        elem.addEventListener("click", function(event) {
            if (event.currentTarget.parentNode.nextElementSibling.classList.contains("collapsed")) {
                show_extras(event.currentTarget);
            } else {
                hide_extras(event.currentTarget);
            }
        });
    })
}

function get_query_parameter(name) {
    var match = RegExp('[?&]' + name + '=([^&]*)').exec(window.location.search);
    return match && decodeURIComponent(match[1].replace(/\+/g, ' '));
}

function init () {
    reset_sort_headers();

    add_collapse();

    show_filters();

    sort_column(find('.initial-sort'));

    find_all('.sortable').forEach(function(elem) {
        elem.addEventListener("click",
                              function(event) {
                                  sort_column(elem);
                              }, false)
    });

};

function sort_table(clicked, key_func) {
    var rows = find_all('.results-table-row');
    var reversed = !clicked.classList.contains('asc');
    var sorted_rows = sort(rows, key_func, reversed);
    /* Whole table is removed here because browsers acts much slower
     * when appending existing elements.
     */
    var thead = document.getElementById("results-table-head");
    document.getElementById('results-table').remove();
    var parent = document.createElement("table");
    parent.id = "results-table";
    parent.appendChild(thead);
    sorted_rows.forEach(function(elem) {
        parent.appendChild(elem);
    });
    document.getElementsByTagName("BODY")[0].appendChild(parent);
}

function sort(items, key_func, reversed) {
    var sort_array = items.map(function(item, i) {
        return [key_func(item), i];
    });

    sort_array.sort(function(a, b) {
        var key_a = a[0];
        var key_b = b[0];

        if (key_a == key_b) return 0;

        if (reversed) {
            return (key_a < key_b ? 1 : -1);
        } else {
            return (key_a > key_b ? 1 : -1);
        }
    });

    return sort_array.map(function(item) {
        var index = item[1];
        return items[index];
    });
}

function key_alpha(col_index) {
    return function(elem) {
        return elem.childNodes[1].childNodes[col_index].firstChild.data.toLowerCase();
    };
}

function key_num(col_index) {
    return function(elem) {
        return parseFloat(elem.childNodes[1].childNodes[col_index].firstChild.data);
    };
}

function key_result(col_index) {
    return function(elem) {
        var strings = ['Error', 'Failed', 'Rerun', 'XFailed', 'XPassed',
                       'Skipped', 'Passed'];
        return strings.indexOf(elem.childNodes[1].childNodes[col_index].firstChild.data);
    };
}

function reset_sort_headers() {
    find_all('.sort-icon').forEach(function(elem) {
        elem.parentNode.removeChild(elem);
    });
    find_all('.sortable').forEach(function(elem) {
        var icon = document.createElement("div");
        icon.className = "sort-icon";
        icon.textContent = "vvv";
        elem.insertBefore(icon, elem.firstChild);
        elem.classList.remove("desc", "active");
        elem.classList.add("asc", "inactive");
    });
}

function toggle_sort_states(elem) {
    //if active, toggle between asc and desc
    if (elem.classList.contains('active')) {
        elem.classList.toggle('asc');
        elem.classList.toggle('desc');
    }

    //if inactive, reset all other functions and add ascending active
    if (elem.classList.contains('inactive')) {
        reset_sort_headers();
        elem.classList.remove('inactive');
        elem.classList.add('active');
    }
}

function is_all_rows_hidden(value) {
  return value.hidden == false;
}

function filter_table(elem) {
    var outcome_att = "data-test-result";
    var outcome = elem.getAttribute(outcome_att);
    class_outcome = outcome + " results-table-row";
    var outcome_rows = document.getElementsByClassName(class_outcome);

    for(var i = 0; i < outcome_rows.length; i++){
        outcome_rows[i].hidden = !elem.checked;
    }

    var rows = find_all('.results-table-row').filter(is_all_rows_hidden);
    var all_rows_hidden = rows.length == 0 ? true : false;
    var not_found_message = document.getElementById("not-found-message");
    not_found_message.hidden = !all_rows_hidden;
}
</script>
    <h1>report.html</h1>
    <p>Report generated on 11-Apr-2021 at 17:46:28 by <a href="https://pypi.python.org/pypi/pytest-html">pytest-html</a> v1.22.1</p>
    <h2>Environment</h2>
    <table id="environment">
      <tr>
        <td>JAVA_HOME</td>
        <td>C:\Java\amazon-corretto-8.202.08.2-windows-x64-jdk\jdk1.8.0_202</td></tr>
      <tr>
        <td>Packages</td>
        <td>{&apos;py&apos;: &apos;1.10.0&apos;, &apos;pytest&apos;: &apos;4.6.11&apos;, &apos;pluggy&apos;: &apos;0.13.1&apos;}</td></tr>
      <tr>
        <td>Platform</td>
        <td>Windows-10-10.0.19041</td></tr>
      <tr>
        <td>Plugins</td>
        <td>{u&apos;forked&apos;: u&apos;1.3.0&apos;, u&apos;html&apos;: u&apos;1.22.1&apos;, u&apos;xdist&apos;: u&apos;1.34.0&apos;, u&apos;metadata&apos;: u&apos;1.11.0&apos;}</td></tr>
      <tr>
        <td>Python</td>
        <td>2.7.17</td></tr></table>
    <h2>Summary</h2>
    <p>29 tests ran in 356.07 seconds. </p>
    <p class="filter" hidden="true">(Un)check the boxes to filter the results.</p><input checked="true" class="filter" data-test-result="passed" hidden="true" name="filter_checkbox" onChange="filter_table(this)" type="checkbox"/><span class="passed">21 passed</span>, <input checked="true" class="filter" data-test-result="skipped" disabled="true" hidden="true" name="filter_checkbox" onChange="filter_table(this)" type="checkbox"/><span class="skipped">0 skipped</span>, <input checked="true" class="filter" data-test-result="failed" hidden="true" name="filter_checkbox" onChange="filter_table(this)" type="checkbox"/><span class="failed">8 failed</span>, <input checked="true" class="filter" data-test-result="error" disabled="true" hidden="true" name="filter_checkbox" onChange="filter_table(this)" type="checkbox"/><span class="error">0 errors</span>, <input checked="true" class="filter" data-test-result="xfailed" disabled="true" hidden="true" name="filter_checkbox" onChange="filter_table(this)" type="checkbox"/><span class="xfailed">0 expected failures</span>, <input checked="true" class="filter" data-test-result="xpassed" disabled="true" hidden="true" name="filter_checkbox" onChange="filter_table(this)" type="checkbox"/><span class="xpassed">0 unexpected passes</span>
    <h2>Results</h2>
    <table id="results-table">
      <thead id="results-table-head">
        <tr>
          <th class="sortable result initial-sort" col="result">Result</th>
          <th class="sortable" col="name">Test</th>
          <th class="sortable numeric" col="duration">Duration</th>
          <th>Links</th></tr>
        <tr hidden="true" id="not-found-message">
          <th colspan="4">No results found. Try to check the filters</th></tr></thead>
      <tbody class="failed results-table-row">
        <tr>
          <td class="col-result">Failed</td>
          <td class="col-name">TestCases/test_halfyearly.py::TestHalfYearly::test_halfyearly_business_amount</td>
          <td class="col-duration">12.94</td>
          <td class="col-links"></td></tr>
        <tr>
          <td class="extra" colspan="4">
            <div class="log">self = &lt;TestCases.test_halfyearly.TestHalfYearly instance at 0x0000000004BBF5C8&gt;<br/>setup = &lt;selenium.webdriver.chrome.webdriver.WebDriver (session="58757223c201a1de31044b8714645282")&gt;<br/><br/>    def test_halfyearly_business_amount(self, setup):<br/>        self.driver = setup<br/>        Commons.get_url(self.driver)<br/>        pricingPage = PricingPage(self.driver)<br/>        pricingPage.clickHalfYearlyPlan()<br/>        Commons.moveToPricingTable(self.driver)<br/>        actualAmount=pricingPage.get_business_amount()<br/>        expectedAmount=pricing.SubscriptionPricing["Half Yearly"]["Business"]["MonthAmount"]["price"]<br/>&gt;       Commons.assertValues(actualAmount, expectedAmount, self.driver)<br/><br/>TestCases\test_halfyearly.py:25: <br/>_ _ _ _ _ _ _ _ _ _ _ _ _ _ _ _ _ _ _ _ _ _ _ _ _ _ _ _ _ _ _ _ _ _ _ _ _ _ _ _<br/><br/>actual = '$185.98/mo  $199.98', expected = '$185.98/month  $199.98'<br/>driver = &lt;selenium.webdriver.chrome.webdriver.WebDriver (session="58757223c201a1de31044b8714645282")&gt;<br/><br/>    @staticmethod<br/>    def assertValues(actual, expected, driver):<br/>        if actual==expected:<br/>            driver.close()<br/>            assert True<br/>        else:<br/>            driver.close()<br/>&gt;           assert False<br/><span class="error">E           AssertionError</span><br/><br/>Utilities\CommonFunctions.py:24: AssertionError<br/></div></td></tr></tbody>
      <tbody class="failed results-table-row">
        <tr>
          <td class="col-result">Failed</td>
          <td class="col-name">TestCases/test_halfyearly.py::TestHalfYearly::test_halfyearly_premium_amount</td>
          <td class="col-duration">8.94</td>
          <td class="col-links"></td></tr>
        <tr>
          <td class="extra" colspan="4">
            <div class="log">self = &lt;TestCases.test_halfyearly.TestHalfYearly instance at 0x0000000004C6F448&gt;<br/>setup = &lt;selenium.webdriver.chrome.webdriver.WebDriver (session="f8ecc59d25c5d688d2226858dabb1cd0")&gt;<br/><br/>    def test_halfyearly_premium_amount(self, setup):<br/>        self.driver = setup<br/>        Commons.get_url(self.driver)<br/>        pricingPage = PricingPage(self.driver)<br/>        pricingPage.clickHalfYearlyPlan()<br/>        Commons.moveToPricingTable(self.driver)<br/>        actualAmount = pricingPage.get_premium_amount()<br/>        expectedAmount = pricing.SubscriptionPricing["Half Yearly"]["Premium"]["MonthAmount"]["price"]<br/>&gt;       Commons.assertValues(actualAmount, expectedAmount, self.driver)<br/><br/>TestCases\test_halfyearly.py:45: <br/>_ _ _ _ _ _ _ _ _ _ _ _ _ _ _ _ _ _ _ _ _ _ _ _ _ _ _ _ _ _ _ _ _ _ _ _ _ _ _ _<br/><br/>actual = '$464.95/mo  $499.95', expected = '$464.95/month  $499.95'<br/>driver = &lt;selenium.webdriver.chrome.webdriver.WebDriver (session="f8ecc59d25c5d688d2226858dabb1cd0")&gt;<br/><br/>    @staticmethod<br/>    def assertValues(actual, expected, driver):<br/>        if actual==expected:<br/>            driver.close()<br/>            assert True<br/>        else:<br/>            driver.close()<br/>&gt;           assert False<br/><span class="error">E           AssertionError</span><br/><br/>Utilities\CommonFunctions.py:24: AssertionError<br/></div></td></tr></tbody>
      <tbody class="failed results-table-row">
        <tr>
          <td class="col-result">Failed</td>
          <td class="col-name">TestCases/test_monthly.py::TestMonthly::test_monthly_business_amount</td>
          <td class="col-duration">12.61</td>
          <td class="col-links"></td></tr>
        <tr>
          <td class="extra" colspan="4">
            <div class="log">self = &lt;TestCases.test_monthly.TestMonthly instance at 0x0000000004CFD188&gt;<br/>setup = &lt;selenium.webdriver.chrome.webdriver.WebDriver (session="66b0851d8508b91ef4769dc6e005a1d4")&gt;<br/><br/>    def test_monthly_business_amount(self, setup):<br/>        self.driver = setup<br/>        Commons.get_url(self.driver)<br/>        pricingPage = PricingPage(self.driver)<br/>        pricingPage.clickMonthlyPlan()<br/>        Commons.moveToPricingTable(self.driver)<br/>        actualAmount=pricingPage.get_business_amount()<br/>        expectedAmount=pricing.SubscriptionPricing["Monthly"]["Business"]["MonthAmount"]["price"]<br/>&gt;       Commons.assertValues(actualAmount, expectedAmount, self.driver)<br/><br/>TestCases\test_monthly.py:25: <br/>_ _ _ _ _ _ _ _ _ _ _ _ _ _ _ _ _ _ _ _ _ _ _ _ _ _ _ _ _ _ _ _ _ _ _ _ _ _ _ _<br/><br/>actual = '$199.98/mo', expected = '$199.98/month'<br/>driver = &lt;selenium.webdriver.chrome.webdriver.WebDriver (session="66b0851d8508b91ef4769dc6e005a1d4")&gt;<br/><br/>    @staticmethod<br/>    def assertValues(actual, expected, driver):<br/>        if actual==expected:<br/>            driver.close()<br/>            assert True<br/>        else:<br/>            driver.close()<br/>&gt;           assert False<br/><span class="error">E           AssertionError</span><br/><br/>Utilities\CommonFunctions.py:24: AssertionError<br/></div></td></tr></tbody>
      <tbody class="failed results-table-row">
        <tr>
          <td class="col-result">Failed</td>
          <td class="col-name">TestCases/test_monthly.py::TestMonthly::test_monthly_premium_amount</td>
          <td class="col-duration">13.45</td>
          <td class="col-links"></td></tr>
        <tr>
          <td class="extra" colspan="4">
            <div class="log">self = &lt;TestCases.test_monthly.TestMonthly instance at 0x0000000004D2C148&gt;<br/>setup = &lt;selenium.webdriver.chrome.webdriver.WebDriver (session="12bb7f8699a87fb9874c899903ec10d9")&gt;<br/><br/>    def test_monthly_premium_amount(self, setup):<br/>        self.driver = setup<br/>        Commons.get_url(self.driver)<br/>        pricingPage = PricingPage(self.driver)<br/>        pricingPage.clickMonthlyPlan()<br/>        Commons.moveToPricingTable(self.driver)<br/>        actualAmount = pricingPage.get_premium_amount()<br/>        expectedAmount = pricing.SubscriptionPricing["Monthly"]["Premium"]["MonthAmount"]["price"]<br/>&gt;       Commons.assertValues(actualAmount, expectedAmount, self.driver)<br/><br/>TestCases\test_monthly.py:45: <br/>_ _ _ _ _ _ _ _ _ _ _ _ _ _ _ _ _ _ _ _ _ _ _ _ _ _ _ _ _ _ _ _ _ _ _ _ _ _ _ _<br/><br/>actual = '$499.95/mo', expected = '$499.95/month'<br/>driver = &lt;selenium.webdriver.chrome.webdriver.WebDriver (session="12bb7f8699a87fb9874c899903ec10d9")&gt;<br/><br/>    @staticmethod<br/>    def assertValues(actual, expected, driver):<br/>        if actual==expected:<br/>            driver.close()<br/>            assert True<br/>        else:<br/>            driver.close()<br/>&gt;           assert False<br/><span class="error">E           AssertionError</span><br/><br/>Utilities\CommonFunctions.py:24: AssertionError<br/></div></td></tr></tbody>
      <tbody class="failed results-table-row">
        <tr>
          <td class="col-result">Failed</td>
          <td class="col-name">TestCases/test_quaterly.py::TestQuaterly::test_quaterly_business_amount</td>
          <td class="col-duration">8.93</td>
          <td class="col-links"></td></tr>
        <tr>
          <td class="extra" colspan="4">
            <div class="log">self = &lt;TestCases.test_quaterly.TestQuaterly instance at 0x0000000004D9E248&gt;<br/>setup = &lt;selenium.webdriver.chrome.webdriver.WebDriver (session="9de26ecd44e7ad6e7ea911a686e44fd3")&gt;<br/><br/>    def test_quaterly_business_amount(self, setup):<br/>        self.driver = setup<br/>        Commons.get_url(self.driver)<br/>        pricingPage = PricingPage(self.driver)<br/>        pricingPage.clickQuaterlyPlan()<br/>        Commons.moveToPricingTable(self.driver)<br/>        actualAmount=pricingPage.get_business_amount()<br/>        expectedAmount=pricing.SubscriptionPricing["Quaterly"]["Business"]["MonthAmount"]["price"]<br/>&gt;       Commons.assertValues(actualAmount, expectedAmount, self.driver)<br/><br/>TestCases\test_quaterly.py:25: <br/>_ _ _ _ _ _ _ _ _ _ _ _ _ _ _ _ _ _ _ _ _ _ _ _ _ _ _ _ _ _ _ _ _ _ _ _ _ _ _ _<br/><br/>actual = '$189.98/mo  $199.98', expected = '$189.98/month  $199.98'<br/>driver = &lt;selenium.webdriver.chrome.webdriver.WebDriver (session="9de26ecd44e7ad6e7ea911a686e44fd3")&gt;<br/><br/>    @staticmethod<br/>    def assertValues(actual, expected, driver):<br/>        if actual==expected:<br/>            driver.close()<br/>            assert True<br/>        else:<br/>            driver.close()<br/>&gt;           assert False<br/><span class="error">E           AssertionError</span><br/><br/>Utilities\CommonFunctions.py:24: AssertionError<br/></div></td></tr></tbody>
      <tbody class="failed results-table-row">
        <tr>
          <td class="col-result">Failed</td>
          <td class="col-name">TestCases/test_quaterly.py::TestQuaterly::test_quaterly_premium_amount</td>
          <td class="col-duration">8.94</td>
          <td class="col-links"></td></tr>
        <tr>
          <td class="extra" colspan="4">
            <div class="log">self = &lt;TestCases.test_quaterly.TestQuaterly instance at 0x0000000004DE4348&gt;<br/>setup = &lt;selenium.webdriver.chrome.webdriver.WebDriver (session="ced38b95ae1e433e76513492eae7ca22")&gt;<br/><br/>    def test_quaterly_premium_amount(self, setup):<br/>        self.driver = setup<br/>        Commons.get_url(self.driver)<br/>        pricingPage = PricingPage(self.driver)<br/>        pricingPage.clickQuaterlyPlan()<br/>        Commons.moveToPricingTable(self.driver)<br/>        actualAmount = pricingPage.get_premium_amount()<br/>        expectedAmount = pricing.SubscriptionPricing["Quaterly"]["Premium"]["MonthAmount"]["price"]<br/>&gt;       Commons.assertValues(actualAmount, expectedAmount, self.driver)<br/><br/>TestCases\test_quaterly.py:45: <br/>_ _ _ _ _ _ _ _ _ _ _ _ _ _ _ _ _ _ _ _ _ _ _ _ _ _ _ _ _ _ _ _ _ _ _ _ _ _ _ _<br/><br/>actual = '$474.95/mo  $499.95', expected = '$474.95/month  $499.95'<br/>driver = &lt;selenium.webdriver.chrome.webdriver.WebDriver (session="ced38b95ae1e433e76513492eae7ca22")&gt;<br/><br/>    @staticmethod<br/>    def assertValues(actual, expected, driver):<br/>        if actual==expected:<br/>            driver.close()<br/>            assert True<br/>        else:<br/>            driver.close()<br/>&gt;           assert False<br/><span class="error">E           AssertionError</span><br/><br/>Utilities\CommonFunctions.py:24: AssertionError<br/></div></td></tr></tbody>
      <tbody class="failed results-table-row">
        <tr>
          <td class="col-result">Failed</td>
          <td class="col-name">TestCases/test_yearly.py::TestYearly::test_yearly_business_amount</td>
          <td class="col-duration">9.25</td>
          <td class="col-links"></td></tr>
        <tr>
          <td class="extra" colspan="4">
            <div class="log">self = &lt;TestCases.test_yearly.TestYearly instance at 0x0000000004DFA388&gt;<br/>setup = &lt;selenium.webdriver.chrome.webdriver.WebDriver (session="d463a093e52de34b6beff8990d6e1988")&gt;<br/><br/>    def test_yearly_business_amount(self, setup):<br/>        self.driver = setup<br/>        Commons.get_url(self.driver)<br/>        pricingPage = PricingPage(self.driver)<br/>        pricingPage.clickYearlyPlan()<br/>        Commons.moveToPricingTable(self.driver)<br/>        actualAmount=pricingPage.get_business_amount()<br/>        expectedAmount=pricing.SubscriptionPricing["Yearly"]["Business"]["MonthAmount"]["price"]<br/>&gt;       Commons.assertValues(actualAmount, expectedAmount, self.driver)<br/><br/>TestCases\test_yearly.py:25: <br/>_ _ _ _ _ _ _ _ _ _ _ _ _ _ _ _ _ _ _ _ _ _ _ _ _ _ _ _ _ _ _ _ _ _ _ _ _ _ _ _<br/><br/>actual = '$179.98/mo  $199.96', expected = '$179.98/month  $199.96'<br/>driver = &lt;selenium.webdriver.chrome.webdriver.WebDriver (session="d463a093e52de34b6beff8990d6e1988")&gt;<br/><br/>    @staticmethod<br/>    def assertValues(actual, expected, driver):<br/>        if actual==expected:<br/>            driver.close()<br/>            assert True<br/>        else:<br/>            driver.close()<br/>&gt;           assert False<br/><span class="error">E           AssertionError</span><br/><br/>Utilities\CommonFunctions.py:24: AssertionError<br/></div></td></tr></tbody>
      <tbody class="failed results-table-row">
        <tr>
          <td class="col-result">Failed</td>
          <td class="col-name">TestCases/test_yearly.py::TestYearly::test_yearly_premium_amount</td>
          <td class="col-duration">10.24</td>
          <td class="col-links"></td></tr>
        <tr>
          <td class="extra" colspan="4">
            <div class="log">self = &lt;TestCases.test_yearly.TestYearly instance at 0x0000000004E7A9C8&gt;<br/>setup = &lt;selenium.webdriver.chrome.webdriver.WebDriver (session="6c1891d4dd39d7f3fbdcb4da4bdfe332")&gt;<br/><br/>    def test_yearly_premium_amount(self, setup):<br/>        self.driver = setup<br/>        Commons.get_url(self.driver)<br/>        pricingPage = PricingPage(self.driver)<br/>        pricingPage.clickYearlyPlan()<br/>        Commons.moveToPricingTable(self.driver)<br/>        actualAmount = pricingPage.get_premium_amount()<br/>        expectedAmount = pricing.SubscriptionPricing["Yearly"]["Premium"]["MonthAmount"]["price"]<br/>&gt;       Commons.assertValues(actualAmount, expectedAmount, self.driver)<br/><br/>TestCases\test_yearly.py:45: <br/>_ _ _ _ _ _ _ _ _ _ _ _ _ _ _ _ _ _ _ _ _ _ _ _ _ _ _ _ _ _ _ _ _ _ _ _ _ _ _ _<br/><br/>actual = '$449.96/mo  $499.95', expected = '$449.96/month  $499.95'<br/>driver = &lt;selenium.webdriver.chrome.webdriver.WebDriver (session="6c1891d4dd39d7f3fbdcb4da4bdfe332")&gt;<br/><br/>    @staticmethod<br/>    def assertValues(actual, expected, driver):<br/>        if actual==expected:<br/>            driver.close()<br/>            assert True<br/>        else:<br/>            driver.close()<br/>&gt;           assert False<br/><span class="error">E           AssertionError</span><br/><br/>Utilities\CommonFunctions.py:24: AssertionError<br/></div></td></tr></tbody>
      <tbody class="passed results-table-row">
        <tr>
          <td class="col-result">Passed</td>
          <td class="col-name">TestCases/test_halfyearly.py::TestHalfYearly::test_halfyearly_availability</td>
          <td class="col-duration">8.87</td>
          <td class="col-links"></td></tr>
        <tr>
          <td class="extra" colspan="4">
            <div class="empty log">No log output captured.</div></td></tr></tbody>
      <tbody class="passed results-table-row">
        <tr>
          <td class="col-result">Passed</td>
          <td class="col-name">TestCases/test_halfyearly.py::TestHalfYearly::test_halfyearly_business_billedamount</td>
          <td class="col-duration">9.65</td>
          <td class="col-links"></td></tr>
        <tr>
          <td class="extra" colspan="4">
            <div class="empty log">No log output captured.</div></td></tr></tbody>
      <tbody class="passed results-table-row">
        <tr>
          <td class="col-result">Passed</td>
          <td class="col-name">TestCases/test_halfyearly.py::TestHalfYearly::test_halfyearly_premium_billedamount</td>
          <td class="col-duration">9.90</td>
          <td class="col-links"></td></tr>
        <tr>
          <td class="extra" colspan="4">
            <div class="empty log">No log output captured.</div></td></tr></tbody>
      <tbody class="passed results-table-row">
        <tr>
          <td class="col-result">Passed</td>
          <td class="col-name">TestCases/test_halfyearly.py::TestHalfYearly::test_halfyearlyy_payasugo_amount</td>
          <td class="col-duration">10.09</td>
          <td class="col-links"></td></tr>
        <tr>
          <td class="extra" colspan="4">
            <div class="empty log">No log output captured.</div></td></tr></tbody>
      <tbody class="passed results-table-row">
        <tr>
          <td class="col-result">Passed</td>
          <td class="col-name">TestCases/test_halfyearly.py::TestHalfYearly::test_halfyearly_enterprise</td>
          <td class="col-duration">10.03</td>
          <td class="col-links"></td></tr>
        <tr>
          <td class="extra" colspan="4">
            <div class="empty log">No log output captured.</div></td></tr></tbody>
      <tbody class="passed results-table-row">
        <tr>
          <td class="col-result">Passed</td>
          <td class="col-name">TestCases/test_monthly.py::TestMonthly::test_monthly_availability</td>
          <td class="col-duration">9.20</td>
          <td class="col-links"></td></tr>
        <tr>
          <td class="extra" colspan="4">
            <div class="empty log">No log output captured.</div></td></tr></tbody>
      <tbody class="passed results-table-row">
        <tr>
          <td class="col-result">Passed</td>
          <td class="col-name">TestCases/test_monthly.py::TestMonthly::test_monthly_business_billedamount</td>
          <td class="col-duration">10.21</td>
          <td class="col-links"></td></tr>
        <tr>
          <td class="extra" colspan="4">
            <div class="empty log">No log output captured.</div></td></tr></tbody>
      <tbody class="passed results-table-row">
        <tr>
          <td class="col-result">Passed</td>
          <td class="col-name">TestCases/test_monthly.py::TestMonthly::test_monthly_premium_billedamount</td>
          <td class="col-duration">8.78</td>
          <td class="col-links"></td></tr>
        <tr>
          <td class="extra" colspan="4">
            <div class="empty log">No log output captured.</div></td></tr></tbody>
      <tbody class="passed results-table-row">
        <tr>
          <td class="col-result">Passed</td>
          <td class="col-name">TestCases/test_monthly.py::TestMonthly::test_monthly_payasugo_amount</td>
          <td class="col-duration">9.53</td>
          <td class="col-links"></td></tr>
        <tr>
          <td class="extra" colspan="4">
            <div class="empty log">No log output captured.</div></td></tr></tbody>
      <tbody class="passed results-table-row">
        <tr>
          <td class="col-result">Passed</td>
          <td class="col-name">TestCases/test_monthly.py::TestMonthly::test_monthly_enterprise</td>
          <td class="col-duration">8.68</td>
          <td class="col-links"></td></tr>
        <tr>
          <td class="extra" colspan="4">
            <div class="empty log">No log output captured.</div></td></tr></tbody>
      <tbody class="passed results-table-row">
        <tr>
          <td class="col-result">Passed</td>
          <td class="col-name">TestCases/test_pricing.py::TestPricing::test_homePageTitle</td>
          <td class="col-duration">12.56</td>
          <td class="col-links"></td></tr>
        <tr>
          <td class="extra" colspan="4">
            <div class="empty log">No log output captured.</div></td></tr></tbody>
      <tbody class="passed results-table-row">
        <tr>
          <td class="col-result">Passed</td>
          <td class="col-name">TestCases/test_quaterly.py::TestQuaterly::test_quaterly_availability</td>
          <td class="col-duration">8.70</td>
          <td class="col-links"></td></tr>
        <tr>
          <td class="extra" colspan="4">
            <div class="empty log">No log output captured.</div></td></tr></tbody>
      <tbody class="passed results-table-row">
        <tr>
          <td class="col-result">Passed</td>
          <td class="col-name">TestCases/test_quaterly.py::TestQuaterly::test_quaterly_business_billedamount</td>
          <td class="col-duration">9.78</td>
          <td class="col-links"></td></tr>
        <tr>
          <td class="extra" colspan="4">
            <div class="empty log">No log output captured.</div></td></tr></tbody>
      <tbody class="passed results-table-row">
        <tr>
          <td class="col-result">Passed</td>
          <td class="col-name">TestCases/test_quaterly.py::TestQuaterly::test_quaterly_premium_billedamount</td>
          <td class="col-duration">11.79</td>
          <td class="col-links"></td></tr>
        <tr>
          <td class="extra" colspan="4">
            <div class="empty log">No log output captured.</div></td></tr></tbody>
      <tbody class="passed results-table-row">
        <tr>
          <td class="col-result">Passed</td>
          <td class="col-name">TestCases/test_quaterly.py::TestQuaterly::test_quaterly_payasugo_amount</td>
          <td class="col-duration">9.33</td>
          <td class="col-links"></td></tr>
        <tr>
          <td class="extra" colspan="4">
            <div class="empty log">No log output captured.</div></td></tr></tbody>
      <tbody class="passed results-table-row">
        <tr>
          <td class="col-result">Passed</td>
          <td class="col-name">TestCases/test_quaterly.py::TestQuaterly::test_quaterly_enterprise</td>
          <td class="col-duration">9.84</td>
          <td class="col-links"></td></tr>
        <tr>
          <td class="extra" colspan="4">
            <div class="empty log">No log output captured.</div></td></tr></tbody>
      <tbody class="passed results-table-row">
        <tr>
          <td class="col-result">Passed</td>
          <td class="col-name">TestCases/test_yearly.py::TestYearly::test_yearly_availability</td>
          <td class="col-duration">12.54</td>
          <td class="col-links"></td></tr>
        <tr>
          <td class="extra" colspan="4">
            <div class="empty log">No log output captured.</div></td></tr></tbody>
      <tbody class="passed results-table-row">
        <tr>
          <td class="col-result">Passed</td>
          <td class="col-name">TestCases/test_yearly.py::TestYearly::test_yearly_business_billedamount</td>
          <td class="col-duration">8.78</td>
          <td class="col-links"></td></tr>
        <tr>
          <td class="extra" colspan="4">
            <div class="empty log">No log output captured.</div></td></tr></tbody>
      <tbody class="passed results-table-row">
        <tr>
          <td class="col-result">Passed</td>
          <td class="col-name">TestCases/test_yearly.py::TestYearly::test_yearly_premium_billedamount</td>
          <td class="col-duration">9.13</td>
          <td class="col-links"></td></tr>
        <tr>
          <td class="extra" colspan="4">
            <div class="empty log">No log output captured.</div></td></tr></tbody>
      <tbody class="passed results-table-row">
        <tr>
          <td class="col-result">Passed</td>
          <td class="col-name">TestCases/test_yearly.py::TestYearly::test_yearly_payasugo_amount</td>
          <td class="col-duration">13.69</td>
          <td class="col-links"></td></tr>
        <tr>
          <td class="extra" colspan="4">
            <div class="empty log">No log output captured.</div></td></tr></tbody>
      <tbody class="passed results-table-row">
        <tr>
          <td class="col-result">Passed</td>
          <td class="col-name">TestCases/test_yearly.py::TestYearly::test_yearly_enterprise</td>
          <td class="col-duration">10.24</td>
          <td class="col-links"></td></tr>
        <tr>
          <td class="extra" colspan="4">
            <div class="empty log">No log output captured.</div></td></tr></tbody></table></body></html>